<?xml version="1.0" encoding="UTF-8"?>
<testsuite xmlns:xsi="http://www.w3.org/2001/XMLSchema-instance" xsi:noNamespaceSchemaLocation="https://maven.apache.org/surefire/maven-surefire-plugin/xsd/surefire-test-report.xsd" name="service.ServiceTest" time="0.833" tests="11" errors="0" skipped="0" failures="9">
  <properties>
[...]
</properties>
  <testcase name="saveStudent00" classname="service.ServiceTest" time="0.01">
    <failure message="expected:&lt;1&gt; but was:&lt;5&gt;" type="java.lang.AssertionError"><![CDATA[java.lang.AssertionError: expected:<1> but was:<5>
	at service.ServiceTest.saveStudent00(ServiceTest.java:35)
]]></failure>
  </testcase>
  <testcase name="saveStudent01" classname="service.ServiceTest" time="0.27">
    <failure message="expected:&lt;1&gt; but was:&lt;5&gt;" type="java.lang.AssertionError"><![CDATA[java.lang.AssertionError: expected:<1> but was:<5>
	at service.ServiceTest.saveStudent01(ServiceTest.java:47)
]]></failure>
    <system-out><![CDATA[Entitatea nu este valida! 

]]></system-out>
  </testcase>
  <testcase name="saveStudent02" classname="service.ServiceTest" time="0.033">
    <failure message="expected:&lt;1&gt; but was:&lt;5&gt;" type="java.lang.AssertionError"><![CDATA[java.lang.AssertionError: expected:<1> but was:<5>
	at service.ServiceTest.saveStudent02(ServiceTest.java:59)
]]></failure>
    <system-out><![CDATA[Entitatea nu este valida! 

]]></system-out>
  </testcase>
  <testcase name="saveStudent03" classname="service.ServiceTest" time="0.015">
    <failure message="expected:&lt;1&gt; but was:&lt;5&gt;" type="java.lang.AssertionError"><![CDATA[java.lang.AssertionError: expected:<1> but was:<5>
	at service.ServiceTest.saveStudent03(ServiceTest.java:71)
]]></failure>
    <system-out><![CDATA[Entitatea nu este valida! 

]]></system-out>
  </testcase>
  <testcase name="saveStudent04" classname="service.ServiceTest" time="0.016">
    <failure message="expected:&lt;1&gt; but was:&lt;5&gt;" type="java.lang.AssertionError"><![CDATA[java.lang.AssertionError: expected:<1> but was:<5>
	at service.ServiceTest.saveStudent04(ServiceTest.java:83)
]]></failure>
    <system-out><![CDATA[Entitatea nu este valida! 

]]></system-out>
  </testcase>
  <testcase name="saveStudent05" classname="service.ServiceTest" time="0.011">
    <failure message="expected:&lt;1&gt; but was:&lt;5&gt;" type="java.lang.AssertionError"><![CDATA[java.lang.AssertionError: expected:<1> but was:<5>
	at service.ServiceTest.saveStudent05(ServiceTest.java:95)
]]></failure>
    <system-out><![CDATA[Entitatea nu este valida! 

]]></system-out>
  </testcase>
  <testcase name="saveStudent06" classname="service.ServiceTest" time="0.001">
    <failure message="expected:&lt;2&gt; but was:&lt;5&gt;" type="java.lang.AssertionError"><![CDATA[java.lang.AssertionError: expected:<2> but was:<5>
	at service.ServiceTest.saveStudent06(ServiceTest.java:107)
]]></failure>
  </testcase>
  <testcase name="saveStudent07" classname="service.ServiceTest" time="0">
    <failure message="expected:&lt;3&gt; but was:&lt;5&gt;" type="java.lang.AssertionError"><![CDATA[java.lang.AssertionError: expected:<3> but was:<5>
	at service.ServiceTest.saveStudent07(ServiceTest.java:119)
]]></failure>
  </testcase>
  <testcase name="saveStudent08" classname="service.ServiceTest" time="0.011">
    <failure message="expected:&lt;4&gt; but was:&lt;5&gt;" type="java.lang.AssertionError"><![CDATA[java.lang.AssertionError: expected:<4> but was:<5>
	at service.ServiceTest.saveStudent08(ServiceTest.java:131)
]]></failure>
  </testcase>
  <testcase name="saveStudent09" classname="service.ServiceTest" time="0"/>
  <testcase name="saveStudent10" classname="service.ServiceTest" time="0.022"/>
</testsuite>