<?xml version="1.0" encoding="UTF-8"?>
<testsuite xmlns:xsi="http://www.w3.org/2001/XMLSchema-instance" xsi:noNamespaceSchemaLocation="https://maven.apache.org/surefire/maven-surefire-plugin/xsd/surefire-test-report.xsd" name="service.ServiceTest" time="0.434" tests="11" errors="0" skipped="0" failures="0">
  <properties>
[...]
</properties>
  <testcase name="saveStudent00" classname="service.ServiceTest" time="0.132"/>
  <testcase name="saveStudent01" classname="service.ServiceTest" time="0.003"/>
  <testcase name="saveStudent02" classname="service.ServiceTest" time="0.004"/>
  <testcase name="saveStudent03" classname="service.ServiceTest" time="0.004"/>
  <testcase name="saveStudent04" classname="service.ServiceTest" time="0.004"/>
  <testcase name="saveStudent05" classname="service.ServiceTest" time="0.003"/>
  <testcase name="saveStudent06" classname="service.ServiceTest" time="0.003"/>
  <testcase name="saveStudent07" classname="service.ServiceTest" time="0.002"/>
  <testcase name="saveStudent08" classname="service.ServiceTest" time="0.002"/>
  <testcase name="saveStudent09" classname="service.ServiceTest" time="0.002"/>
  <testcase name="saveStudent10" classname="service.ServiceTest" time="0.004"/>
</testsuite>